2020-09-18 15:00:15,233 [Worker-7: Loading available Gradle versions] INFO  o.e.b.c.i.u.g.PublishedGradleVersions - Gradle version information cache is up-to-date. Trying to read.
2020-09-18 15:10:51,957 [Worker-5: Loading available Gradle versions] INFO  o.e.b.c.i.u.g.PublishedGradleVersions - Gradle version information cache is up-to-date. Trying to read.
2020-09-18 15:56:07,004 [Worker-22: Building] INFO  o.e.m.c.i.embedder.EclipseLogger - Using 'UTF-8' encoding to copy filtered resources.
2020-09-18 15:56:07,005 [Worker-22: Building] INFO  o.e.m.c.i.embedder.EclipseLogger - skip non existing resourceDirectory /home/darkluxury/Documentos/GitHub/cadastrador-master/cadastrador/src/main/resources
2020-09-18 15:56:07,008 [Worker-22: Building] INFO  o.e.m.c.i.embedder.EclipseLogger - Using 'UTF-8' encoding to copy filtered resources.
2020-09-18 15:56:07,008 [Worker-22: Building] INFO  o.e.m.c.i.embedder.EclipseLogger - skip non existing resourceDirectory /home/darkluxury/Documentos/GitHub/cadastrador-master/cadastrador/src/test/resources
2020-09-18 15:56:08,389 [Worker-21: Building] INFO  o.e.m.c.i.embedder.EclipseLogger - Using 'UTF-8' encoding to copy filtered resources.
2020-09-18 15:56:08,389 [Worker-21: Building] INFO  o.e.m.c.i.embedder.EclipseLogger - skip non existing resourceDirectory /home/darkluxury/Documentos/GitHub/cadastrador-master/cadastrador/src/main/resources
2020-09-18 15:56:08,391 [Worker-21: Building] INFO  o.e.m.c.i.embedder.EclipseLogger - Using 'UTF-8' encoding to copy filtered resources.
2020-09-18 15:56:08,391 [Worker-21: Building] INFO  o.e.m.c.i.embedder.EclipseLogger - skip non existing resourceDirectory /home/darkluxury/Documentos/GitHub/cadastrador-master/cadastrador/src/test/resources
2020-09-21 10:03:52,991 [Worker-9: Loading available Gradle versions] INFO  o.e.b.c.i.u.g.PublishedGradleVersions - Gradle version information cache is out-of-date. Trying to update.
2020-09-21 10:11:30,274 [Worker-11: Building] INFO  o.e.m.c.i.embedder.EclipseLogger - Using 'UTF-8' encoding to copy filtered resources.
2020-09-21 10:11:30,276 [Worker-11: Building] INFO  o.e.m.c.i.embedder.EclipseLogger - skip non existing resourceDirectory /home/darkluxury/Documentos/GitHub/cadastrador-master/cadastrador/src/main/resources
2020-09-21 10:11:30,278 [Worker-11: Building] INFO  o.e.m.c.i.embedder.EclipseLogger - Using 'UTF-8' encoding to copy filtered resources.
2020-09-21 10:11:30,278 [Worker-11: Building] INFO  o.e.m.c.i.embedder.EclipseLogger - skip non existing resourceDirectory /home/darkluxury/Documentos/GitHub/cadastrador-master/cadastrador/src/test/resources
2020-09-21 10:11:34,928 [Worker-11: Building] INFO  o.e.m.c.i.embedder.EclipseLogger - Using 'UTF-8' encoding to copy filtered resources.
2020-09-21 10:11:34,929 [Worker-11: Building] INFO  o.e.m.c.i.embedder.EclipseLogger - skip non existing resourceDirectory /home/darkluxury/Documentos/GitHub/cadastrador-master/cadastrador/src/main/resources
2020-09-21 10:11:34,931 [Worker-11: Building] INFO  o.e.m.c.i.embedder.EclipseLogger - Using 'UTF-8' encoding to copy filtered resources.
2020-09-21 10:11:34,931 [Worker-11: Building] INFO  o.e.m.c.i.embedder.EclipseLogger - skip non existing resourceDirectory /home/darkluxury/Documentos/GitHub/cadastrador-master/cadastrador/src/test/resources
2020-09-21 10:11:40,442 [Worker-6: Building] INFO  o.e.m.c.i.embedder.EclipseLogger - Using 'UTF-8' encoding to copy filtered resources.
2020-09-21 10:11:40,442 [Worker-6: Building] INFO  o.e.m.c.i.embedder.EclipseLogger - skip non existing resourceDirectory /home/darkluxury/Documentos/GitHub/cadastrador-master/cadastrador/src/main/resources
2020-09-21 10:11:40,444 [Worker-6: Building] INFO  o.e.m.c.i.embedder.EclipseLogger - Using 'UTF-8' encoding to copy filtered resources.
2020-09-21 10:11:40,444 [Worker-6: Building] INFO  o.e.m.c.i.embedder.EclipseLogger - skip non existing resourceDirectory /home/darkluxury/Documentos/GitHub/cadastrador-master/cadastrador/src/test/resources
2020-09-21 10:11:41,673 [Worker-5: Building] INFO  o.e.m.c.i.embedder.EclipseLogger - Using 'UTF-8' encoding to copy filtered resources.
2020-09-21 10:11:41,673 [Worker-5: Building] INFO  o.e.m.c.i.embedder.EclipseLogger - skip non existing resourceDirectory /home/darkluxury/Documentos/GitHub/cadastrador-master/cadastrador/src/main/resources
2020-09-21 10:11:41,675 [Worker-5: Building] INFO  o.e.m.c.i.embedder.EclipseLogger - Using 'UTF-8' encoding to copy filtered resources.
2020-09-21 10:11:41,675 [Worker-5: Building] INFO  o.e.m.c.i.embedder.EclipseLogger - skip non existing resourceDirectory /home/darkluxury/Documentos/GitHub/cadastrador-master/cadastrador/src/test/resources
2020-09-21 10:12:21,896 [Worker-5: Building] INFO  o.e.m.c.i.embedder.EclipseLogger - Using 'UTF-8' encoding to copy filtered resources.
2020-09-21 10:12:21,896 [Worker-5: Building] INFO  o.e.m.c.i.embedder.EclipseLogger - skip non existing resourceDirectory /home/darkluxury/Documentos/GitHub/cadastrador-master/cadastrador/src/main/resources
2020-09-21 10:12:21,898 [Worker-5: Building] INFO  o.e.m.c.i.embedder.EclipseLogger - Using 'UTF-8' encoding to copy filtered resources.
2020-09-21 10:12:21,898 [Worker-5: Building] INFO  o.e.m.c.i.embedder.EclipseLogger - skip non existing resourceDirectory /home/darkluxury/Documentos/GitHub/cadastrador-master/cadastrador/src/test/resources
2020-09-21 10:12:23,430 [Worker-8: Building] INFO  o.e.m.c.i.embedder.EclipseLogger - Using 'UTF-8' encoding to copy filtered resources.
2020-09-21 10:12:23,430 [Worker-8: Building] INFO  o.e.m.c.i.embedder.EclipseLogger - skip non existing resourceDirectory /home/darkluxury/Documentos/GitHub/cadastrador-master/cadastrador/src/main/resources
2020-09-21 10:12:23,431 [Worker-8: Building] INFO  o.e.m.c.i.embedder.EclipseLogger - Using 'UTF-8' encoding to copy filtered resources.
2020-09-21 10:12:23,431 [Worker-8: Building] INFO  o.e.m.c.i.embedder.EclipseLogger - skip non existing resourceDirectory /home/darkluxury/Documentos/GitHub/cadastrador-master/cadastrador/src/test/resources
2020-09-21 10:12:27,862 [Worker-5: Building] INFO  o.e.m.c.i.embedder.EclipseLogger - Using 'UTF-8' encoding to copy filtered resources.
2020-09-21 10:12:27,862 [Worker-5: Building] INFO  o.e.m.c.i.embedder.EclipseLogger - skip non existing resourceDirectory /home/darkluxury/Documentos/GitHub/cadastrador-master/cadastrador/src/main/resources
2020-09-21 10:12:27,864 [Worker-5: Building] INFO  o.e.m.c.i.embedder.EclipseLogger - Using 'UTF-8' encoding to copy filtered resources.
2020-09-21 10:12:27,864 [Worker-5: Building] INFO  o.e.m.c.i.embedder.EclipseLogger - skip non existing resourceDirectory /home/darkluxury/Documentos/GitHub/cadastrador-master/cadastrador/src/test/resources
2020-09-21 10:12:41,564 [Worker-0: Building] INFO  o.e.m.c.i.embedder.EclipseLogger - Using 'UTF-8' encoding to copy filtered resources.
2020-09-21 10:12:41,564 [Worker-0: Building] INFO  o.e.m.c.i.embedder.EclipseLogger - skip non existing resourceDirectory /home/darkluxury/Documentos/GitHub/cadastrador-master/cadastrador/src/main/resources
2020-09-21 10:12:41,567 [Worker-0: Building] INFO  o.e.m.c.i.embedder.EclipseLogger - Using 'UTF-8' encoding to copy filtered resources.
2020-09-21 10:12:41,567 [Worker-0: Building] INFO  o.e.m.c.i.embedder.EclipseLogger - skip non existing resourceDirectory /home/darkluxury/Documentos/GitHub/cadastrador-master/cadastrador/src/test/resources
2020-09-21 10:12:46,561 [Worker-11: Building] INFO  o.e.m.c.i.embedder.EclipseLogger - Using 'UTF-8' encoding to copy filtered resources.
2020-09-21 10:12:46,562 [Worker-11: Building] INFO  o.e.m.c.i.embedder.EclipseLogger - skip non existing resourceDirectory /home/darkluxury/Documentos/GitHub/cadastrador-master/cadastrador/src/main/resources
2020-09-21 10:12:46,563 [Worker-11: Building] INFO  o.e.m.c.i.embedder.EclipseLogger - Using 'UTF-8' encoding to copy filtered resources.
2020-09-21 10:12:46,563 [Worker-11: Building] INFO  o.e.m.c.i.embedder.EclipseLogger - skip non existing resourceDirectory /home/darkluxury/Documentos/GitHub/cadastrador-master/cadastrador/src/test/resources
2020-09-21 10:14:38,500 [Worker-11: Building] INFO  o.e.m.c.i.embedder.EclipseLogger - Using 'UTF-8' encoding to copy filtered resources.
2020-09-21 10:14:38,500 [Worker-11: Building] INFO  o.e.m.c.i.embedder.EclipseLogger - skip non existing resourceDirectory /home/darkluxury/Documentos/GitHub/cadastrador-master/cadastrador/src/main/resources
2020-09-21 10:14:38,501 [Worker-11: Building] INFO  o.e.m.c.i.embedder.EclipseLogger - Using 'UTF-8' encoding to copy filtered resources.
2020-09-21 10:14:38,502 [Worker-11: Building] INFO  o.e.m.c.i.embedder.EclipseLogger - skip non existing resourceDirectory /home/darkluxury/Documentos/GitHub/cadastrador-master/cadastrador/src/test/resources
2020-09-21 10:14:44,202 [Worker-12: Building] INFO  o.e.m.c.i.embedder.EclipseLogger - Using 'UTF-8' encoding to copy filtered resources.
2020-09-21 10:14:44,202 [Worker-12: Building] INFO  o.e.m.c.i.embedder.EclipseLogger - skip non existing resourceDirectory /home/darkluxury/Documentos/GitHub/cadastrador-master/cadastrador/src/main/resources
2020-09-21 10:14:44,203 [Worker-12: Building] INFO  o.e.m.c.i.embedder.EclipseLogger - Using 'UTF-8' encoding to copy filtered resources.
2020-09-21 10:14:44,203 [Worker-12: Building] INFO  o.e.m.c.i.embedder.EclipseLogger - skip non existing resourceDirectory /home/darkluxury/Documentos/GitHub/cadastrador-master/cadastrador/src/test/resources
2020-09-21 10:14:47,870 [Worker-11: Building] INFO  o.e.m.c.i.embedder.EclipseLogger - Using 'UTF-8' encoding to copy filtered resources.
2020-09-21 10:14:47,870 [Worker-11: Building] INFO  o.e.m.c.i.embedder.EclipseLogger - skip non existing resourceDirectory /home/darkluxury/Documentos/GitHub/cadastrador-master/cadastrador/src/main/resources
2020-09-21 10:14:47,872 [Worker-11: Building] INFO  o.e.m.c.i.embedder.EclipseLogger - Using 'UTF-8' encoding to copy filtered resources.
2020-09-21 10:14:47,872 [Worker-11: Building] INFO  o.e.m.c.i.embedder.EclipseLogger - skip non existing resourceDirectory /home/darkluxury/Documentos/GitHub/cadastrador-master/cadastrador/src/test/resources
2020-09-21 10:14:52,045 [Worker-11: Building] INFO  o.e.m.c.i.embedder.EclipseLogger - Using 'UTF-8' encoding to copy filtered resources.
2020-09-21 10:14:52,045 [Worker-11: Building] INFO  o.e.m.c.i.embedder.EclipseLogger - skip non existing resourceDirectory /home/darkluxury/Documentos/GitHub/cadastrador-master/cadastrador/src/main/resources
2020-09-21 10:14:52,047 [Worker-11: Building] INFO  o.e.m.c.i.embedder.EclipseLogger - Using 'UTF-8' encoding to copy filtered resources.
2020-09-21 10:14:52,047 [Worker-11: Building] INFO  o.e.m.c.i.embedder.EclipseLogger - skip non existing resourceDirectory /home/darkluxury/Documentos/GitHub/cadastrador-master/cadastrador/src/test/resources
2020-09-21 10:15:06,556 [Worker-1: Building] INFO  o.e.m.c.i.embedder.EclipseLogger - Using 'UTF-8' encoding to copy filtered resources.
2020-09-21 10:15:06,557 [Worker-1: Building] INFO  o.e.m.c.i.embedder.EclipseLogger - skip non existing resourceDirectory /home/darkluxury/Documentos/GitHub/cadastrador-master/cadastrador/src/main/resources
2020-09-21 10:15:06,568 [Worker-1: Building] INFO  o.e.m.c.i.embedder.EclipseLogger - Using 'UTF-8' encoding to copy filtered resources.
2020-09-21 10:15:06,569 [Worker-1: Building] INFO  o.e.m.c.i.embedder.EclipseLogger - skip non existing resourceDirectory /home/darkluxury/Documentos/GitHub/cadastrador-master/cadastrador/src/test/resources
2020-09-21 10:15:10,979 [Worker-12: Building] INFO  o.e.m.c.i.embedder.EclipseLogger - Using 'UTF-8' encoding to copy filtered resources.
2020-09-21 10:15:10,979 [Worker-12: Building] INFO  o.e.m.c.i.embedder.EclipseLogger - skip non existing resourceDirectory /home/darkluxury/Documentos/GitHub/cadastrador-master/cadastrador/src/main/resources
2020-09-21 10:15:10,980 [Worker-12: Building] INFO  o.e.m.c.i.embedder.EclipseLogger - Using 'UTF-8' encoding to copy filtered resources.
2020-09-21 10:15:10,981 [Worker-12: Building] INFO  o.e.m.c.i.embedder.EclipseLogger - skip non existing resourceDirectory /home/darkluxury/Documentos/GitHub/cadastrador-master/cadastrador/src/test/resources
2020-09-21 10:15:14,753 [Worker-1: Building] INFO  o.e.m.c.i.embedder.EclipseLogger - Using 'UTF-8' encoding to copy filtered resources.
2020-09-21 10:15:14,753 [Worker-1: Building] INFO  o.e.m.c.i.embedder.EclipseLogger - skip non existing resourceDirectory /home/darkluxury/Documentos/GitHub/cadastrador-master/cadastrador/src/main/resources
2020-09-21 10:15:14,756 [Worker-1: Building] INFO  o.e.m.c.i.embedder.EclipseLogger - Using 'UTF-8' encoding to copy filtered resources.
2020-09-21 10:15:14,756 [Worker-1: Building] INFO  o.e.m.c.i.embedder.EclipseLogger - skip non existing resourceDirectory /home/darkluxury/Documentos/GitHub/cadastrador-master/cadastrador/src/test/resources
2020-09-21 10:15:41,218 [Worker-5: Building] INFO  o.e.m.c.i.embedder.EclipseLogger - Using 'UTF-8' encoding to copy filtered resources.
2020-09-21 10:15:41,218 [Worker-5: Building] INFO  o.e.m.c.i.embedder.EclipseLogger - skip non existing resourceDirectory /home/darkluxury/Documentos/GitHub/cadastrador-master/cadastrador/src/main/resources
2020-09-21 10:15:41,219 [Worker-5: Building] INFO  o.e.m.c.i.embedder.EclipseLogger - Using 'UTF-8' encoding to copy filtered resources.
2020-09-21 10:15:41,219 [Worker-5: Building] INFO  o.e.m.c.i.embedder.EclipseLogger - skip non existing resourceDirectory /home/darkluxury/Documentos/GitHub/cadastrador-master/cadastrador/src/test/resources
2020-09-21 10:15:55,907 [Worker-6: Building] INFO  o.e.m.c.i.embedder.EclipseLogger - Using 'UTF-8' encoding to copy filtered resources.
2020-09-21 10:15:55,908 [Worker-6: Building] INFO  o.e.m.c.i.embedder.EclipseLogger - skip non existing resourceDirectory /home/darkluxury/Documentos/GitHub/cadastrador-master/cadastrador/src/main/resources
2020-09-21 10:15:55,909 [Worker-6: Building] INFO  o.e.m.c.i.embedder.EclipseLogger - Using 'UTF-8' encoding to copy filtered resources.
2020-09-21 10:15:55,909 [Worker-6: Building] INFO  o.e.m.c.i.embedder.EclipseLogger - skip non existing resourceDirectory /home/darkluxury/Documentos/GitHub/cadastrador-master/cadastrador/src/test/resources
2020-09-21 10:24:14,222 [Worker-5: Building] INFO  o.e.m.c.i.embedder.EclipseLogger - Using 'UTF-8' encoding to copy filtered resources.
2020-09-21 10:24:14,222 [Worker-5: Building] INFO  o.e.m.c.i.embedder.EclipseLogger - skip non existing resourceDirectory /home/darkluxury/Documentos/GitHub/cadastrador-master/cadastrador/src/main/resources
2020-09-21 10:24:14,223 [Worker-5: Building] INFO  o.e.m.c.i.embedder.EclipseLogger - Using 'UTF-8' encoding to copy filtered resources.
2020-09-21 10:24:14,224 [Worker-5: Building] INFO  o.e.m.c.i.embedder.EclipseLogger - skip non existing resourceDirectory /home/darkluxury/Documentos/GitHub/cadastrador-master/cadastrador/src/test/resources
2020-09-21 10:24:15,283 [Worker-14: Building] INFO  o.e.m.c.i.embedder.EclipseLogger - Using 'UTF-8' encoding to copy filtered resources.
2020-09-21 10:24:15,283 [Worker-14: Building] INFO  o.e.m.c.i.embedder.EclipseLogger - skip non existing resourceDirectory /home/darkluxury/Documentos/GitHub/cadastrador-master/cadastrador/src/main/resources
2020-09-21 10:24:15,284 [Worker-14: Building] INFO  o.e.m.c.i.embedder.EclipseLogger - Using 'UTF-8' encoding to copy filtered resources.
2020-09-21 10:24:15,284 [Worker-14: Building] INFO  o.e.m.c.i.embedder.EclipseLogger - skip non existing resourceDirectory /home/darkluxury/Documentos/GitHub/cadastrador-master/cadastrador/src/test/resources
2020-09-21 18:42:23,870 [Worker-24: Building] INFO  o.e.m.c.i.embedder.EclipseLogger - Using 'UTF-8' encoding to copy filtered resources.
2020-09-21 18:42:23,870 [Worker-24: Building] INFO  o.e.m.c.i.embedder.EclipseLogger - skip non existing resourceDirectory /home/darkluxury/Documentos/GitHub/cadastrador-master/cadastrador/src/main/resources
2020-09-21 18:42:23,871 [Worker-24: Building] INFO  o.e.m.c.i.embedder.EclipseLogger - Using 'UTF-8' encoding to copy filtered resources.
2020-09-21 18:42:23,871 [Worker-24: Building] INFO  o.e.m.c.i.embedder.EclipseLogger - skip non existing resourceDirectory /home/darkluxury/Documentos/GitHub/cadastrador-master/cadastrador/src/test/resources
